<?xml version="1.0" encoding="UTF-8"?>
<!-- Generated by org.testng.reporters.JUnitReportReporter -->
<testsuite hostname="LAPTOP-KFNV4PL1" failures="0" tests="2" name="com.eastmart.testscripts.HomePageTest" time="-1650698752.000" errors="1" timestamp="2022-04-23T12:54:48 IST" skipped="1">
  <testcase classname="com.eastmart.testscripts.HomePageTest" name="navigateToSamsunTvTest" time="0.000">
    <skipped/>
  </testcase> <!-- navigateToSamsunTvTest -->
  <system-out/>
  <testcase classname="com.eastmart.testscripts.HomePageTest" name="launchApp" time="-1650698752.000">
    <error message="
Parameter &#039;platform&#039; is required by BeforeSuite on method launchApp but has not been marked @Optional or defined
in C:\Users\91799\eclipse-workspace\TheEastMart\testng.xml" type="org.testng.TestNGException">
      <![CDATA[org.testng.TestNGException: 
Parameter 'platform' is required by BeforeSuite on method launchApp but has not been marked @Optional or defined
in C:\Users\91799\eclipse-workspace\TheEastMart\testng.xml
at org.testng.internal.Parameters.createParams(Parameters.java:267)
at org.testng.internal.Parameters.createParametersForMethod(Parameters.java:355)
at org.testng.internal.Parameters.createParameters(Parameters.java:660)
at org.testng.internal.Parameters.createConfigurationParameters(Parameters.java:166)
at org.testng.internal.invokers.ConfigInvoker.invokeConfigurations(ConfigInvoker.java:300)
at org.testng.SuiteRunner.privateRun(SuiteRunner.java:368)
at org.testng.SuiteRunner.run(SuiteRunner.java:326)
at org.testng.SuiteRunnerWorker.runSuite(SuiteRunnerWorker.java:52)
at org.testng.SuiteRunnerWorker.run(SuiteRunnerWorker.java:95)
at org.testng.TestNG.runSuitesSequentially(TestNG.java:1249)
at org.testng.TestNG.runSuitesLocally(TestNG.java:1169)
at org.testng.TestNG.runSuites(TestNG.java:1092)
at org.testng.TestNG.run(TestNG.java:1060)
at org.testng.remote.AbstractRemoteTestNG.run(AbstractRemoteTestNG.java:115)
at org.testng.remote.RemoteTestNG.initAndRun(RemoteTestNG.java:251)
at org.testng.remote.RemoteTestNG.main(RemoteTestNG.java:77)
]]>
    </error>
  </testcase> <!-- launchApp -->
  <system-out/>
</testsuite> <!-- com.eastmart.testscripts.HomePageTest -->
