<?xml version="1.0" encoding="UTF-8"?>
<!-- Generated by org.testng.reporters.JUnitReportReporter -->
<testsuite hostname="LAPTOP-KFNV4PL1" failures="0" tests="2" name="com.eastmart.testscripts.ProductSelectionTest" time="0.000" errors="0" timestamp="2022-04-23T12:54:48 IST" skipped="2">
  <testcase classname="com.eastmart.testscripts.ProductSelectionTest" name="selectSecondHighestTvTest" time="0.000">
    <skipped/>
  </testcase> <!-- selectSecondHighestTvTest -->
  <system-out/>
  <testcase classname="com.eastmart.testscripts.ProductSelectionTest" name="verifyAboutUsSection" time="0.000">
    <skipped/>
  </testcase> <!-- verifyAboutUsSection -->
  <system-out/>
</testsuite> <!-- com.eastmart.testscripts.ProductSelectionTest -->
